06/03/2015 20:42:24 INICIANDO...
06/03/2015 20:42:24 1.3.9.0
06/03/2015 20:42:24 Usuário: Emerson
06/03/2015 20:42:24 Versão do Sistema Operacional: 6.1.7601
06/03/2015 20:42:24 64 Bits: true
06/03/2015 20:42:24 Verificando se Firefox está instalado...
06/03/2015 20:42:24 Firefox instalado, ajustando configurações necessárias...
06/03/2015 20:42:24 [Atualização Windows Installer] Verificando...
06/03/2015 20:42:24 [Atualização Windows Installer] Ok.
06/03/2015 20:42:24 [Terminal Services] Verificando...
06/03/2015 20:42:24 [Terminal Services] Ok.
06/03/2015 20:42:24 [Permissões dos arquivos do Stormfish] Verificando...
06/03/2015 20:42:24 [Permissões dos arquivos do Stormfish] Ok.
06/03/2015 20:42:24 [Desinstalação do Stormfish] Verificando...
06/03/2015 20:42:24 [Desinstalação do Stormfish] Limpando...
06/03/2015 20:42:27 [Desinstalação do Stormfish] Ok.
06/03/2015 20:42:27 [Instalação do Stormfish] Verificando...
06/03/2015 20:42:27 [Instalação do Stormfish] Efetuando download do instalador...
06/03/2015 20:42:51 [Instalação do Stormfish] Instalando...
06/03/2015 20:43:03 [Instalação do Stormfish] Ok.
06/03/2015 20:43:03 [Limpeza do cache MZ] Verificando...
06/03/2015 20:43:03 [Limpeza do cache MZ] Ok.
06/03/2015 20:43:03 [Sites confiáveis MZ] Verificando url(s) dos domínios confiáveis...
06/03/2015 20:43:05 [Sites confiáveis MZ] Ok.
06/03/2015 20:43:05 [Segurança MZ] Verificando...
06/03/2015 20:43:05 [Segurança MZ] Restaurando para o padrão...
06/03/2015 20:43:05 [Segurança MZ] Ok.
06/03/2015 20:43:05 [Ativação Plugin MZ] Verificando...
06/03/2015 20:43:05 [Ativação Plugin MZ] Ok.
06/03/2015 20:43:05 CONCLUÍDO.
